<?xml version="1.0" encoding="UTF-8"?>
<!-- Generated by org.testng.reporters.JUnitReportReporter -->
<testsuite skipped="0" hostname="MIS" name="Automation.Project.App" tests="3" failures="0" timestamp="05 May 2017 17:00:19 GMT" time="28.490" errors="0">
  <testcase name="testHomeToContact" time="13.517" classname="Automation.Project.App"/>
  <testcase name="testHomeToLoginandLogout" time="12.014" classname="Automation.Project.App"/>
  <testcase name="testHomeNewsletter" time="2.959" classname="Automation.Project.App"/>
</testsuite> <!-- Automation.Project.App -->
