<?xml version="1.0" encoding="UTF-8"?>
<!-- Generated by org.testng.reporters.JUnitReportReporter -->
<testsuite skipped="0" hostname="Brad" name="Automation.Project.App" tests="3" failures="0" timestamp="08 May 2017 00:21:08 GMT" time="20.320" errors="0">
  <testcase name="testHomeToContact" time="9.816" classname="Automation.Project.App"/>
  <testcase name="testHomeToLoginandLogout" time="7.886" classname="Automation.Project.App"/>
  <testcase name="testHomeNewsletter" time="2.618" classname="Automation.Project.App"/>
</testsuite> <!-- Automation.Project.App -->
